  adding: orchestration_portfolio_pack/ (stored 0%)
  adding: orchestration_portfolio_pack/evidence/ (stored 0%)
  adding: orchestration_portfolio_pack/evidence/workflow-logs/ (stored 0%)
  adding: orchestration_portfolio_pack/evidence/workflow-logs/workflow-api-sequence.status (stored 0%)
  adding: orchestration_portfolio_pack/evidence/workflow-logs/workflow-execution-log.md (deflated 69%)
  adding: orchestration_portfolio_pack/evidence/workflow-logs/workflow-server.log (deflated 11%)
  adding: orchestration_portfolio_pack/evidence/workflow-logs/workflow-fixture-init.log (deflated 28%)
  adding: orchestration_portfolio_pack/evidence/screenshots/ (stored 0%)
  adding: orchestration_portfolio_pack/evidence/screenshots/artifacts-surface.png (deflated 2%)
  adding: orchestration_portfolio_pack/evidence/screenshots/mission-surface.png (deflated 2%)
  adding: orchestration_portfolio_pack/evidence/screenshots/taskboard-surface.png (deflated 2%)
  adding: orchestration_portfolio_pack/evidence/cli-logs/ (stored 0%)
  adding: orchestration_portfolio_pack/evidence/cli-logs/playwright-open.log (deflated 34%)
  adding: orchestration_portfolio_pack/evidence/cli-logs/smoke-ui-slice-63.status (stored 0%)
  adding: orchestration_portfolio_pack/evidence/cli-logs/syntax-check.log (deflated 42%)
  adding: orchestration_portfolio_pack/evidence/cli-logs/playwright-artifacts.log (deflated 46%)
  adding: orchestration_portfolio_pack/evidence/cli-logs/playwright-taskboard.log (deflated 45%)
  adding: orchestration_portfolio_pack/evidence/cli-logs/smoke-qa-slice-07.log (deflated 18%)
  adding: orchestration_portfolio_pack/evidence/cli-logs/playwright-screenshot-mission.log (deflated 45%)
  adding: orchestration_portfolio_pack/evidence/cli-logs/playwright-screenshot-artifacts.log (deflated 45%)
  adding: orchestration_portfolio_pack/evidence/cli-logs/smoke-ui-slice-63.log (deflated 17%)
  adding: orchestration_portfolio_pack/evidence/cli-logs/playwright-close.log (stored 0%)
  adding: orchestration_portfolio_pack/evidence/cli-logs/playwright-screenshot-taskboard.log (deflated 45%)
  adding: orchestration_portfolio_pack/evidence/cli-logs/smoke-dev-loop-m2.log (deflated 48%)
  adding: orchestration_portfolio_pack/evidence/cli-logs/fixture-project-init.log (deflated 21%)
  adding: orchestration_portfolio_pack/evidence/cli-logs/local-server.log (deflated 12%)
  adding: orchestration_portfolio_pack/evidence/cli-logs/smoke-qa-slice-07.status (stored 0%)
  adding: orchestration_portfolio_pack/evidence/cli-logs/portfolio-zip-rebuild.log (deflated 86%)
  adding: orchestration_portfolio_pack/evidence/cli-logs/smoke-dev-loop-m2.status (stored 0%)
  adding: orchestration_portfolio_pack/evidence/architecture/ (stored 0%)
  adding: orchestration_portfolio_pack/evidence/architecture/workflow-sequence-diagram.md (deflated 69%)
  adding: orchestration_portfolio_pack/evidence/architecture/workflow-architecture-diagram.md (deflated 57%)
  adding: orchestration_portfolio_pack/evidence/architecture/orchestration-architecture.md (deflated 65%)
  adding: orchestration_portfolio_pack/evidence/state-transitions/ (stored 0%)
  adding: orchestration_portfolio_pack/evidence/state-transitions/04-after-architect-snapshot.json (deflated 84%)
  adding: orchestration_portfolio_pack/evidence/state-transitions/02-after-task-snapshot.json (deflated 85%)
  adding: orchestration_portfolio_pack/evidence/state-transitions/05-after-task-breaker-snapshot.json (deflated 85%)
  adding: orchestration_portfolio_pack/evidence/state-transitions/01-create-project-response.json (deflated 80%)
  adding: orchestration_portfolio_pack/evidence/state-transitions/00-initial-snapshot.json (deflated 79%)
  adding: orchestration_portfolio_pack/evidence/state-transitions/01-after-project-snapshot.json (deflated 79%)
  adding: orchestration_portfolio_pack/evidence/state-transitions/02-create-task-response.json (deflated 85%)
  adding: orchestration_portfolio_pack/evidence/state-transitions/05-run-task-breaker-response.json (deflated 84%)
  adding: orchestration_portfolio_pack/evidence/state-transitions/03-after-planner-snapshot.json (deflated 84%)
  adding: orchestration_portfolio_pack/evidence/state-transitions/04-run-architect-response.json (deflated 83%)
  adding: orchestration_portfolio_pack/evidence/state-transitions/03-run-planner-response.json (deflated 83%)
  adding: orchestration_portfolio_pack/evidence/state-transitions/state-transition-summary.md (deflated 68%)
  adding: orchestration_portfolio_pack/evidence/config-evidence/ (stored 0%)
  adding: orchestration_portfolio_pack/evidence/config-evidence/workflow-config-evidence.md (deflated 54%)
  adding: orchestration_portfolio_pack/evidence/output-artifacts/ (stored 0%)
  adding: orchestration_portfolio_pack/evidence/output-artifacts/planner-artifact-0001.json (deflated 76%)
  adding: orchestration_portfolio_pack/evidence/api-responses/ (stored 0%)
  adding: orchestration_portfolio_pack/evidence/api-responses/03-snapshot-after-project.json (deflated 79%)
  adding: orchestration_portfolio_pack/evidence/api-responses/05-snapshot-after-task.json (deflated 85%)
  adding: orchestration_portfolio_pack/evidence/api-responses/06-run-planner.json (deflated 83%)
  adding: orchestration_portfolio_pack/evidence/api-responses/02-create-project.json (deflated 80%)
  adding: orchestration_portfolio_pack/evidence/api-responses/04-create-task.json (deflated 85%)
  adding: orchestration_portfolio_pack/evidence/api-responses/run-planner.status (stored 0%)
  adding: orchestration_portfolio_pack/evidence/api-responses/api-curl.status (stored 0%)
  adding: orchestration_portfolio_pack/evidence/api-responses/01-snapshot-initial.json (deflated 79%)
  adding: orchestration_portfolio_pack/evidence/api-responses/07-snapshot-after-planner.json (deflated 84%)
  adding: orchestration_portfolio_pack/evidence/evidence_manifest.md (deflated 55%)
  adding: orchestration_portfolio_pack/DEV_LOG.md (deflated 67%)
  adding: orchestration_portfolio_pack/portfolio_manifest.md (deflated 48%)
  adding: orchestration_portfolio_pack/docs/ (stored 0%)
  adding: orchestration_portfolio_pack/docs/evidence-checklist.md (deflated 56%)
  adding: orchestration_portfolio_pack/docs/readme-improvement.md (deflated 53%)
  adding: orchestration_portfolio_pack/docs/case-study.md (deflated 55%)
  adding: orchestration_portfolio_pack/docs/implementation-evidence.md (deflated 55%)
  adding: orchestration_portfolio_pack/docs/evidence-gallery.md (deflated 62%)
  adding: orchestration_portfolio_pack/docs/roadmap.md (deflated 50%)
  adding: orchestration_portfolio_pack/docs/interview-story.md (deflated 53%)
  adding: orchestration_portfolio_pack/docs/workflow-evidence.md (deflated 50%)
  adding: orchestration_portfolio_pack/docs/resume-bullets.md (deflated 52%)
  adding: orchestration_portfolio_pack/docs/project-card.md (deflated 61%)
  adding: orchestration_portfolio_pack/README.md (stored 0%)
  adding: orchestration_portfolio_pack/links.md (deflated 29%)
